<?xml version="1.0" encoding="UTF-8"?>
<!-- Generated by org.testng.reporters.JUnitXMLReporter -->
<testsuite ignored="9" hostname="DESKTOP-D4GTMGV" failures="0" tests="2" name="Default test" time="61.404" errors="0" timestamp="2023-03-21T21:55:35 IST">
  <testcase classname="testCases.TC_newApplication_003" name="newApplicationClick" time="16.831"/>
  <testcase classname="testCases.TC_newApplication_003" name="fillServiceRequired" time="5.752"/>
  <testcase classname="testCases.TC_newApplication_003" name="fillFamilyDetails" time="0.0">
    <ignored/>
  </testcase> <!-- fillFamilyDetails -->
  <testcase classname="testCases.TC_newApplication_003" name="fillingEmergencyContactDetails" time="0.0">
    <ignored/>
  </testcase> <!-- fillingEmergencyContactDetails -->
  <testcase classname="testCases.TC_newApplication_003" name="clickSubmitAndPay" time="0.0">
    <ignored/>
  </testcase> <!-- clickSubmitAndPay -->
  <testcase classname="testCases.TC_newApplication_003" name="fillingDocumentsSubmittedAsProof" time="0.0">
    <ignored/>
  </testcase> <!-- fillingDocumentsSubmittedAsProof -->
  <testcase classname="testCases.TC_newApplication_003" name="fillingOtherDetails" time="0.0">
    <ignored/>
  </testcase> <!-- fillingOtherDetails -->
  <testcase classname="testCases.TC_newApplication_003" name="pageConfirmation" time="0.0">
    <ignored/>
  </testcase> <!-- pageConfirmation -->
  <testcase classname="testCases.TC_newApplication_003" name="fillingPresentResidentialAddress" time="0.0">
    <ignored/>
  </testcase> <!-- fillingPresentResidentialAddress -->
  <testcase classname="testCases.TC_newApplication_003" name="fillingPreviousApplicationDetails" time="0.0">
    <ignored/>
  </testcase> <!-- fillingPreviousApplicationDetails -->
  <testcase classname="testCases.TC_newApplication_003" name="fillApplicantDetails" time="0.0">
    <ignored/>
  </testcase> <!-- fillApplicantDetails -->
</testsuite> <!-- Default test -->
