<?xml version="1.0" encoding="UTF-8"?>
<testng-results ignored="9" total="11" passed="2" failed="0" skipped="0">
  <reporter-output>
  </reporter-output>
  <suite started-at="2023-03-21T21:54:33 IST" name="Default suite" finished-at="2023-03-21T21:55:35 IST" duration-ms="61404">
    <groups>
    </groups>
    <test started-at="2023-03-21T21:54:33 IST" name="Default test" finished-at="2023-03-21T21:55:35 IST" duration-ms="61404">
      <class name="testCases.TC_newApplication_003">
        <test-method is-config="true" signature="launchApplication()[pri:0, instance:testCases.TC_newApplication_003@38d8f54a]" started-at="2023-03-21T21:54:33 IST" name="launchApplication" finished-at="2023-03-21T21:55:12 IST" duration-ms="38551" status="PASS">
          <reporter-output>
          </reporter-output>
        </test-method> <!-- launchApplication -->
        <test-method signature="newApplicationClick()[pri:1, instance:testCases.TC_newApplication_003@38d8f54a]" started-at="2023-03-21T21:55:12 IST" name="newApplicationClick" finished-at="2023-03-21T21:55:29 IST" duration-ms="16831" status="PASS">
          <reporter-output>
          </reporter-output>
        </test-method> <!-- newApplicationClick -->
        <test-method signature="fillServiceRequired()[pri:2, instance:testCases.TC_newApplication_003@38d8f54a]" started-at="2023-03-21T21:55:29 IST" name="fillServiceRequired" finished-at="2023-03-21T21:55:35 IST" depends-on-methods="testCases.TC_newApplication_003.newApplicationClick" duration-ms="5752" status="PASS">
          <reporter-output>
          </reporter-output>
        </test-method> <!-- fillServiceRequired -->
        <test-method is-config="true" signature="tearDown()[pri:0, instance:testCases.TC_newApplication_003@38d8f54a]" started-at="2023-03-21T21:55:35 IST" name="tearDown" finished-at="2023-03-21T21:55:35 IST" duration-ms="156" status="PASS">
          <reporter-output>
          </reporter-output>
        </test-method> <!-- tearDown -->
      </class> <!-- testCases.TC_newApplication_003 -->
    </test> <!-- Default test -->
  </suite> <!-- Default suite -->
</testng-results>
